[20:12:04] [ServerMain/INFO]: Environment: Environment[sessionHost=https://sessionserver.mojang.com, servicesHost=https://api.minecraftservices.com, name=PROD]
[20:12:05] [ServerMain/INFO]: Loaded 1175 recipes
[20:12:06] [ServerMain/INFO]: Loaded 1276 advancements
[20:12:06] [Server thread/INFO]: Starting minecraft server version 1.20.5
[20:12:06] [Server thread/INFO]: Loading properties
[20:12:06] [Server thread/INFO]: Default game type: SURVIVAL
[20:12:06] [Server thread/INFO]: Generating keypair
[20:12:06] [Server thread/INFO]: Starting Minecraft server on *:25565
[20:12:06] [Server thread/INFO]: Using default channel type
[20:12:06] [Server thread/WARN]: **** SERVER IS RUNNING IN OFFLINE/INSECURE MODE!
[20:12:06] [Server thread/WARN]: The server will make no attempt to authenticate usernames. Beware.
[20:12:06] [Server thread/WARN]: While this makes the game possible to play without internet access, it also opens up the ability for hackers to connect with any username they choose.
[20:12:06] [Server thread/WARN]: To change this, set "online-mode" to "true" in the server.properties file.
[20:12:07] [Server thread/INFO]: Preparing level "world"
[20:12:07] [Server thread/INFO]: Preparing start region for dimension minecraft:overworld
[20:12:08] [Worker-Main-13/INFO]: Preparing spawn area: 0%
[20:12:08] [Worker-Main-13/INFO]: Preparing spawn area: 0%
[20:12:08] [Worker-Main-7/INFO]: Preparing spawn area: 2%
[20:12:09] [Server thread/INFO]: Time elapsed: 1106 ms
[20:12:09] [Server thread/INFO]: Done (2.022s)! For help, type "help"
